app/build/intermediates/manifest_merge_blame_file/debug/manifest-merger-blame-debug-report.txt
1<?xml version="1.0" encoding="utf-8"?>
2<manifest xmlns:android="http://schemas.android.com/apk/res/android"
3    package="com.example.student.clubhub"
4    android:versionCode="1"
5    android:versionName="1.0" >
6
7    <uses-sdk
8        android:minSdkVersion="15"
8-->src\main\AndroidManifest.xml
9        android:targetSdkVersion="26" />
9-->src\main\AndroidManifest.xml
10
11    <uses-permission android:name="android.permission.INTERNET" />
11-->src\main\AndroidManifest.xml:5:5-67
11-->src\main\AndroidManifest.xml:5:22-64
12
13    <meta-data
13-->[com.android.support:design:25.3.1] AndroidManifest.xml:25:5-27:34
14        android:name="android.support.VERSION"
14-->[com.android.support:design:25.3.1] AndroidManifest.xml:26:9-47
15        android:value="25.3.1" />
15-->[com.android.support:design:25.3.1] AndroidManifest.xml:27:9-31
16
17    <uses-permission android:name="android.permission.ACCESS_NETWORK_STATE" />
17-->[com.google.firebase:firebase-analytics:11.0.4] AndroidManifest.xml:21:5-78
17-->[com.google.firebase:firebase-analytics:11.0.4] AndroidManifest.xml:21:22-76
18    <uses-permission android:name="android.permission.WAKE_LOCK" />
18-->[com.google.firebase:firebase-analytics:11.0.4] AndroidManifest.xml:22:5-67
18-->[com.google.firebase:firebase-analytics:11.0.4] AndroidManifest.xml:22:22-65
19    <uses-permission android:name="com.google.android.c2dm.permission.RECEIVE" />
19-->[com.google.firebase:firebase-iid:11.0.4] AndroidManifest.xml:22:5-81
19-->[com.google.firebase:firebase-iid:11.0.4] AndroidManifest.xml:22:22-79
20
21    <permission
21-->[com.google.firebase:firebase-iid:11.0.4] AndroidManifest.xml:24:5-109
22        android:name="com.example.student.clubhub.permission.C2D_MESSAGE"
22-->[com.google.firebase:firebase-iid:11.0.4] AndroidManifest.xml:24:17-71
23        android:protectionLevel="signature" />
23-->[com.google.firebase:firebase-iid:11.0.4] AndroidManifest.xml:24:72-107
24
25    <uses-permission android:name="com.example.student.clubhub.permission.C2D_MESSAGE" />
25-->[com.google.firebase:firebase-iid:11.0.4] AndroidManifest.xml:26:5-78
25-->[com.google.firebase:firebase-iid:11.0.4] AndroidManifest.xml:26:22-76
26
27    <application
27-->src\main\AndroidManifest.xml:7:5-56:19
28        android:allowBackup="true"
28-->src\main\AndroidManifest.xml:8:9-35
29        android:debuggable="true"
30        android:icon="@mipmap/ic_launcher"
30-->src\main\AndroidManifest.xml:9:9-43
31        android:label="@string/app_name"
31-->src\main\AndroidManifest.xml:10:9-41
32        android:roundIcon="@mipmap/ic_launcher_round"
32-->src\main\AndroidManifest.xml:11:9-54
33        android:supportsRtl="true"
33-->src\main\AndroidManifest.xml:12:9-35
34        android:testOnly="true"
35        android:theme="@style/AppTheme" >
35-->src\main\AndroidManifest.xml:13:9-40
36        <activity
36-->src\main\AndroidManifest.xml:14:9-22:20
37            android:name="com.example.student.clubhub.SplashActivity"
37-->src\main\AndroidManifest.xml:15:13-43
38            android:theme="@style/SplashTheme" >
38-->src\main\AndroidManifest.xml:16:13-47
39            <intent-filter>
39-->src\main\AndroidManifest.xml:17:13-21:29
40                <action android:name="android.intent.action.MAIN" />
40-->src\main\AndroidManifest.xml:18:17-69
40-->src\main\AndroidManifest.xml:18:25-66
41
42                <category android:name="android.intent.category.LAUNCHER" />
42-->src\main\AndroidManifest.xml:20:17-77
42-->src\main\AndroidManifest.xml:20:27-74
43            </intent-filter>
44        </activity>
45        <activity android:name="com.example.student.clubhub.MainActivity" >
45-->src\main\AndroidManifest.xml:23:9-29:20
45-->src\main\AndroidManifest.xml:23:19-47
46            <intent-filter>
46-->src\main\AndroidManifest.xml:17:13-21:29
47                <action android:name="android.intent.action.MAIN" />
47-->src\main\AndroidManifest.xml:18:17-69
47-->src\main\AndroidManifest.xml:18:25-66
48
49                <category android:name="android.intent.category.LAUNCHER" />
49-->src\main\AndroidManifest.xml:20:17-77
49-->src\main\AndroidManifest.xml:20:27-74
50            </intent-filter>
51        </activity>
52        <activity android:name="com.example.student.clubhub.PagerAdapter" />
52-->src\main\AndroidManifest.xml:30:9-50
52-->src\main\AndroidManifest.xml:30:19-47
53        <activity android:name="com.example.student.clubhub.rotract" />
53-->src\main\AndroidManifest.xml:31:9-45
53-->src\main\AndroidManifest.xml:31:19-42
54        <activity android:name="com.example.student.clubhub.Gtimes" />
54-->src\main\AndroidManifest.xml:32:9-44
54-->src\main\AndroidManifest.xml:32:19-41
55        <activity android:name="com.example.student.clubhub.Leo" />
55-->src\main\AndroidManifest.xml:33:9-41
55-->src\main\AndroidManifest.xml:33:19-38
56        <activity android:name="com.example.student.clubhub.Ctf" />
56-->src\main\AndroidManifest.xml:34:9-41
56-->src\main\AndroidManifest.xml:34:19-38
57        <activity android:name="com.example.student.clubhub.Aakriti" />
57-->src\main\AndroidManifest.xml:35:9-45
57-->src\main\AndroidManifest.xml:35:19-42
58        <activity
58-->src\main\AndroidManifest.xml:36:9-39:59
59            android:name="com.example.student.clubhub.Capitalize"
59-->src\main\AndroidManifest.xml:37:13-39
60            android:label="@string/title_activity_capitalize"
60-->src\main\AndroidManifest.xml:38:13-62
61            android:theme="@style/AppTheme.NoActionBar" />
61-->src\main\AndroidManifest.xml:39:13-56
62        <activity
62-->src\main\AndroidManifest.xml:40:9-43:59
63            android:name="com.example.student.clubhub.Green"
63-->src\main\AndroidManifest.xml:41:13-34
64            android:label="@string/title_activity_green"
64-->src\main\AndroidManifest.xml:42:13-57
65            android:theme="@style/AppTheme.NoActionBar" />
65-->src\main\AndroidManifest.xml:43:13-56
66        <activity
66-->src\main\AndroidManifest.xml:44:9-47:59
67            android:name="com.example.student.clubhub.Robo"
67-->src\main\AndroidManifest.xml:45:13-33
68            android:label="@string/title_activity_robo"
68-->src\main\AndroidManifest.xml:46:13-56
69            android:theme="@style/AppTheme.NoActionBar" />
69-->src\main\AndroidManifest.xml:47:13-56
70        <activity android:name="com.example.student.clubhub.Siru" />
70-->src\main\AndroidManifest.xml:48:9-42
70-->src\main\AndroidManifest.xml:48:19-39
71        <activity android:name="com.example.student.clubhub.Spar" />
71-->src\main\AndroidManifest.xml:49:9-42
71-->src\main\AndroidManifest.xml:49:19-39
72        <activity android:name="com.example.student.clubhub.SignupActivity" />
72-->src\main\AndroidManifest.xml:50:9-52
72-->src\main\AndroidManifest.xml:50:19-49
73        <activity android:name="com.example.student.clubhub.LoginActivity" />
73-->src\main\AndroidManifest.xml:51:9-51
73-->src\main\AndroidManifest.xml:51:19-48
74        <activity android:name="com.example.student.clubhub.Homepage" />
74-->src\main\AndroidManifest.xml:52:9-46
74-->src\main\AndroidManifest.xml:52:19-43
75        <activity android:name="com.example.student.clubhub.SecondPage" />
75-->src\main\AndroidManifest.xml:53:9-48
75-->src\main\AndroidManifest.xml:53:19-45
76        <activity android:name="com.example.student.clubhub.post_event" />
76-->src\main\AndroidManifest.xml:54:9-48
76-->src\main\AndroidManifest.xml:54:19-45
77        <activity android:name="com.example.student.clubhub.input_events" />
77-->src\main\AndroidManifest.xml:55:9-59
77-->src\main\AndroidManifest.xml:55:19-47
78        <!--
79         FirebaseMessagingService performs security checks at runtime,
80             no need for explicit permissions despite exported="true"
81        -->
82        <service
82-->[com.google.firebase:firebase-messaging:11.0.4] AndroidManifest.xml:23:9-27:19
83            android:name="com.google.firebase.messaging.FirebaseMessagingService"
83-->[com.google.firebase:firebase-messaging:11.0.4] AndroidManifest.xml:23:18-87
84            android:exported="true" >
84-->[com.google.firebase:firebase-messaging:11.0.4] AndroidManifest.xml:23:88-111
85            <intent-filter android:priority="-500" >
85-->[com.google.firebase:firebase-messaging:11.0.4] AndroidManifest.xml:24:13-26:29
85-->[com.google.firebase:firebase-messaging:11.0.4] AndroidManifest.xml:24:28-51
86                <action android:name="com.google.firebase.MESSAGING_EVENT" />
86-->[com.google.firebase:firebase-messaging:11.0.4] AndroidManifest.xml:25:17-77
86-->[com.google.firebase:firebase-messaging:11.0.4] AndroidManifest.xml:25:25-75
87            </intent-filter>
88        </service>
89
90        <receiver
90-->[com.google.firebase:firebase-analytics:11.0.4] AndroidManifest.xml:25:7-26:18
91            android:name="com.google.android.gms.measurement.AppMeasurementReceiver"
91-->[com.google.firebase:firebase-analytics:11.0.4] AndroidManifest.xml:25:17-89
92            android:enabled="true"
92-->[com.google.firebase:firebase-analytics:11.0.4] AndroidManifest.xml:25:90-112
93            android:exported="false" >
93-->[com.google.firebase:firebase-analytics:11.0.4] AndroidManifest.xml:25:113-137
94        </receiver>
95        <receiver
95-->[com.google.firebase:firebase-analytics:11.0.4] AndroidManifest.xml:27:7-31:18
96            android:name="com.google.android.gms.measurement.AppMeasurementInstallReferrerReceiver"
96-->[com.google.firebase:firebase-analytics:11.0.4] AndroidManifest.xml:27:17-104
97            android:enabled="true"
97-->[com.google.firebase:firebase-analytics:11.0.4] AndroidManifest.xml:27:162-184
98            android:exported="true"
98-->[com.google.firebase:firebase-analytics:11.0.4] AndroidManifest.xml:27:185-208
99            android:permission="android.permission.INSTALL_PACKAGES" >
99-->[com.google.firebase:firebase-analytics:11.0.4] AndroidManifest.xml:27:105-161
100            <intent-filter>
100-->[com.google.firebase:firebase-analytics:11.0.4] AndroidManifest.xml:28:11-30:27
101                <action android:name="com.android.vending.INSTALL_REFERRER" />
101-->[com.google.firebase:firebase-analytics:11.0.4] AndroidManifest.xml:29:15-76
101-->[com.google.firebase:firebase-analytics:11.0.4] AndroidManifest.xml:29:23-74
102            </intent-filter>
103        </receiver>
104
105        <service
105-->[com.google.firebase:firebase-analytics:11.0.4] AndroidManifest.xml:32:7-137
106            android:name="com.google.android.gms.measurement.AppMeasurementService"
106-->[com.google.firebase:firebase-analytics:11.0.4] AndroidManifest.xml:32:16-87
107            android:enabled="true"
107-->[com.google.firebase:firebase-analytics:11.0.4] AndroidManifest.xml:32:88-110
108            android:exported="false" />
108-->[com.google.firebase:firebase-analytics:11.0.4] AndroidManifest.xml:32:111-135
109        <service
109-->[com.google.firebase:firebase-analytics:11.0.4] AndroidManifest.xml:33:7-197
110            android:name="com.google.android.gms.measurement.AppMeasurementJobService"
110-->[com.google.firebase:firebase-analytics:11.0.4] AndroidManifest.xml:33:16-90
111            android:enabled="true"
111-->[com.google.firebase:firebase-analytics:11.0.4] AndroidManifest.xml:33:148-170
112            android:exported="false"
112-->[com.google.firebase:firebase-analytics:11.0.4] AndroidManifest.xml:33:171-195
113            android:permission="android.permission.BIND_JOB_SERVICE" />
113-->[com.google.firebase:firebase-analytics:11.0.4] AndroidManifest.xml:33:91-147
114
115        <receiver
115-->[com.google.firebase:firebase-iid:11.0.4] AndroidManifest.xml:30:9-35:20
116            android:name="com.google.firebase.iid.FirebaseInstanceIdReceiver"
116-->[com.google.firebase:firebase-iid:11.0.4] AndroidManifest.xml:30:19-84
117            android:exported="true"
117-->[com.google.firebase:firebase-iid:11.0.4] AndroidManifest.xml:30:85-108
118            android:permission="com.google.android.c2dm.permission.SEND" >
118-->[com.google.firebase:firebase-iid:11.0.4] AndroidManifest.xml:30:109-169
119            <intent-filter>
119-->[com.google.firebase:firebase-iid:11.0.4] AndroidManifest.xml:31:13-34:29
120                <action android:name="com.google.android.c2dm.intent.RECEIVE" />
120-->[com.google.firebase:firebase-iid:11.0.4] AndroidManifest.xml:32:17-80
120-->[com.google.firebase:firebase-iid:11.0.4] AndroidManifest.xml:32:25-78
121
122                <category android:name="com.example.student.clubhub" />
122-->[com.google.firebase:firebase-iid:11.0.4] AndroidManifest.xml:33:17-60
122-->[com.google.firebase:firebase-iid:11.0.4] AndroidManifest.xml:33:27-58
123            </intent-filter>
124        </receiver>
125        <!--
126 Internal (not exported) receiver used by the app to start its own exported services
127             without risk of being spoofed.
128        -->
129        <receiver
129-->[com.google.firebase:firebase-iid:11.0.4] AndroidManifest.xml:39:9-119
130            android:name="com.google.firebase.iid.FirebaseInstanceIdInternalReceiver"
130-->[com.google.firebase:firebase-iid:11.0.4] AndroidManifest.xml:39:19-92
131            android:exported="false" />
131-->[com.google.firebase:firebase-iid:11.0.4] AndroidManifest.xml:39:93-117
132        <!--
133 FirebaseInstanceIdService performs security checks at runtime,
134             no need for explicit permissions despite exported="true"
135        -->
136        <service
136-->[com.google.firebase:firebase-iid:11.0.4] AndroidManifest.xml:43:9-47:19
137            android:name="com.google.firebase.iid.FirebaseInstanceIdService"
137-->[com.google.firebase:firebase-iid:11.0.4] AndroidManifest.xml:43:18-82
138            android:exported="true" >
138-->[com.google.firebase:firebase-iid:11.0.4] AndroidManifest.xml:43:83-106
139            <intent-filter android:priority="-500" >
139-->[com.google.firebase:firebase-iid:11.0.4] AndroidManifest.xml:44:13-46:29
139-->[com.google.firebase:firebase-iid:11.0.4] AndroidManifest.xml:44:28-51
140                <action android:name="com.google.firebase.INSTANCE_ID_EVENT" />
140-->[com.google.firebase:firebase-iid:11.0.4] AndroidManifest.xml:45:17-79
140-->[com.google.firebase:firebase-iid:11.0.4] AndroidManifest.xml:45:25-77
141            </intent-filter>
142        </service>
143
144        <provider
144-->[com.google.firebase:firebase-common:11.0.4] AndroidManifest.xml:6:9-194
145            android:name="com.google.firebase.provider.FirebaseInitProvider"
145-->[com.google.firebase:firebase-common:11.0.4] AndroidManifest.xml:6:79-143
146            android:authorities="com.example.student.clubhub.firebaseinitprovider"
146-->[com.google.firebase:firebase-common:11.0.4] AndroidManifest.xml:6:19-78
147            android:exported="false"
147-->[com.google.firebase:firebase-common:11.0.4] AndroidManifest.xml:6:144-168
148            android:initOrder="100" />
148-->[com.google.firebase:firebase-common:11.0.4] AndroidManifest.xml:6:169-192
149
150        <activity
150-->[com.google.android.gms:play-services-base:11.0.4] AndroidManifest.xml:19:9-172
151            android:name="com.google.android.gms.common.api.GoogleApiActivity"
151-->[com.google.android.gms:play-services-base:11.0.4] AndroidManifest.xml:19:19-85
152            android:exported="false"
152-->[com.google.android.gms:play-services-base:11.0.4] AndroidManifest.xml:19:146-170
153            android:theme="@android:style/Theme.Translucent.NoTitleBar" />
153-->[com.google.android.gms:play-services-base:11.0.4] AndroidManifest.xml:19:86-145
154
155        <meta-data
155-->[com.google.android.gms:play-services-basement:11.0.4] AndroidManifest.xml:20:9-121
156            android:name="com.google.android.gms.version"
156-->[com.google.android.gms:play-services-basement:11.0.4] AndroidManifest.xml:20:20-65
157            android:value="@integer/google_play_services_version" />
157-->[com.google.android.gms:play-services-basement:11.0.4] AndroidManifest.xml:20:66-119
158    </application>
159
160</manifest>